/var/spool/slurmd/job943032/slurm_script:10: command not found: module
==26333== Callgrind, a call-graph generating cache profiler
==26333== Copyright (C) 2002-2017, and GNU GPL'd, by Josef Weidendorfer et al.
==26333== Using Valgrind-3.26.0 and LibVEX; rerun with -h for copyright info
==26333== Command: ./build4/main
==26333== 
--26333-- warning: L3 cache found, using its data for the LL simulation.
==26333== For interactive control, run 'callgrind_control -h'.
==26333== brk segment overflow in thread #1: can't grow to 0x4856000
==26333== (see section Limitations in user manual)
==26333== NOTE: further instances of this message will not be shown
==26333== 
==26333== Events    : Ir Dr Dw I1mr D1mr D1mw ILmr DLmr DLmw
==26333== Collected : 1166265805590 394408957338 25021195901 2782301 12850169939 636780936 28311 399688463 403362256
==26333== 
==26333== I   refs:      1,166,265,805,590
==26333== I1  misses:            2,782,301
==26333== LLi misses:               28,311
==26333== I1  miss rate:              0.00%
==26333== LLi miss rate:              0.00%
==26333== 
==26333== D   refs:        419,430,153,239  (394,408,957,338 rd + 25,021,195,901 wr)
==26333== D1  misses:       13,486,950,875  ( 12,850,169,939 rd +    636,780,936 wr)
==26333== LLd misses:          803,050,719  (    399,688,463 rd +    403,362,256 wr)
==26333== D1  miss rate:               3.2% (            3.3%   +            2.5%  )
==26333== LLd miss rate:               0.2% (            0.1%   +            1.6%  )
==26333== 
==26333== LL refs:          13,489,733,176  ( 12,852,952,240 rd +    636,780,936 wr)
==26333== LL misses:           803,079,030  (    399,716,774 rd +    403,362,256 wr)
==26333== LL miss rate:                0.1% (            0.0%   +            1.6%  )
