-- The CXX compiler identification is GNU 11.5.0
-- Detecting CXX compiler ABI info
-- Detecting CXX compiler ABI info - done
-- Check for working CXX compiler: /usr/bin/c++ - skipped
-- Detecting CXX compile features
-- Detecting CXX compile features - done
-- No build type specified — defaulting to Release
-- Found OpenMP_CXX: -fopenmp (found version "4.5") 
-- Found OpenMP: TRUE (found version "4.5")  
-- Found CURL: /software/chtc/el9/spack_v22/software/linux-centos9-zen3/gcc-13.2.0/curl-8.7.1-s2uzdocfzdwl46xfbcy6dp3xwmvjldxy/lib/libcurl.so (found version "8.7.1")  
-- TARGET_ARCH = native
-- Performing Test HAS_AVX512
-- Performing Test HAS_AVX512 - Success
-- AVX-512 detected — enabling 512-bit vector width preference
-- Build type:        Debug
-- Compiler:          GNU 11.5.0
-- TARGET_ARCH:       native
-- AVX-512:           1
-- OpenMP found:      TRUE 4.5
-- Configuring done (0.7s)
-- Generating done (0.0s)
-- Build files have been written to: /home/grathod/Spring26/ME759/Project/MR Solver - Parallel/build1
[ 16%] Building CXX object CMakeFiles/main.dir/main.cpp.o
[ 33%] Building CXX object CMakeFiles/main.dir/src/ConjugateGradientSolver.cpp.o
[ 50%] Building CXX object CMakeFiles/main.dir/src/MooneyRivlin.cpp.o
[ 66%] Building CXX object CMakeFiles/main.dir/src/Quadrature.cpp.o
[ 83%] Building CXX object CMakeFiles/main.dir/src/ShapeFunction.cpp.o
[100%] Linking CXX executable main
[100%] Built target main
Warning: unrecognized CPU. Defaulting to manually set OMP_NUM_THREADS=16.
Set OMP_NUM_THREADS manually for best results.
================================================
Machine          : unknown (AMD EPYC 9745 128-Core Processor)
CPU              : AMD EPYC 9745 128-Core Processor
OMP_NUM_THREADS  : 16
OMP_PROC_BIND    : close
OMP_PLACES       : cores
Binary           : ./build1/main
================================================
==25932== Memcheck, a memory error detector
==25932== Copyright (C) 2002-2024, and GNU GPL'd, by Julian Seward et al.
==25932== Using Valgrind-3.26.0 and LibVEX; rerun with -h for copyright info
==25932== Command: ./build1/main
==25932== 
OpenMP active — threads: 1
Max threads: 1
CPUs available: 1
Starting the timer...
Mesh built: 50625 nodes, 46080 elements
--------------------
Boundary Conditions Summary:
Total DOFs: 151875
Dirischlet DOFs: 2500
Unknown DOFs: 149375
--------------------
Starting nonlinear solve...
--------------------
==25932== Warning: set address range perms: large range [0x616e040, 0x1f66e040) (undefined)
==25932== Warning: set address range perms: large range [0x2d4f0040, 0x469f0040) (undefined)
==25932== Warning: set address range perms: large range [0x2d4f0028, 0x469f0058) (noaccess)
==25932== Warning: set address range perms: large range [0x616e028, 0x1f66e058) (noaccess)
==25932== Warning: set address range perms: large range [0x32b94040, 0x4c094040) (undefined)
==25932== Warning: set address range perms: large range [0x59cc0040, 0x731c0040) (undefined)
==25932== Warning: set address range perms: large range [0x59cc0028, 0x731c0058) (noaccess)
==25932== Warning: set address range perms: large range [0x32b94028, 0x4c094058) (noaccess)
==25932== Warning: set address range perms: large range [0x59cc0040, 0x731c0040) (undefined)
==25932== Warning: set address range perms: large range [0x731c1040, 0x8c6c1040) (undefined)
==25932== Warning: set address range perms: large range [0x731c1028, 0x8c6c1058) (noaccess)
==25932== Warning: set address range perms: large range [0x59cc0028, 0x731c0058) (noaccess)
==25932== Warning: set address range perms: large range [0x3cff3040, 0x564f3040) (undefined)
==25932== Warning: set address range perms: large range [0x59cc0040, 0x731c0040) (undefined)
==25932== Warning: set address range perms: large range [0x59cc0028, 0x731c0058) (noaccess)
==25932== Warning: set address range perms: large range [0x3cff3028, 0x564f3058) (noaccess)
==25932== Warning: set address range perms: large range [0x377c4040, 0x50cc4040) (undefined)
==25932== Warning: set address range perms: large range [0x59cc0040, 0x731c0040) (undefined)
==25932== Warning: set address range perms: large range [0x59cc0028, 0x731c0058) (noaccess)
==25932== Warning: set address range perms: large range [0x377c4028, 0x50cc4058) (noaccess)
==25932== Warning: set address range perms: large range [0x59cc0040, 0x731c0040) (undefined)
==25932== Warning: set address range perms: large range [0x731c1040, 0x8c6c1040) (undefined)
==25932== Warning: set address range perms: large range [0x731c1028, 0x8c6c1058) (noaccess)
==25932== Warning: set address range perms: large range [0x59cc0028, 0x731c0058) (noaccess)
==25932== Warning: set address range perms: large range [0x59cc0040, 0x731c0040) (undefined)
==25932== Warning: set address range perms: large range [0x731c1040, 0x8c6c1040) (undefined)
==25932== Warning: set address range perms: large range [0x731c1028, 0x8c6c1058) (noaccess)
==25932== Warning: set address range perms: large range [0x59cc0028, 0x731c0058) (noaccess)
==25932== Warning: set address range perms: large range [0x59cc0040, 0x731c0040) (undefined)
==25932== Warning: set address range perms: large range [0x731c1040, 0x8c6c1040) (undefined)
==25932== Warning: set address range perms: large range [0x731c1028, 0x8c6c1058) (noaccess)
==25932== Warning: set address range perms: large range [0x59cc0028, 0x731c0058) (noaccess)
==25932== Warning: set address range perms: large range [0x59cc0040, 0x731c0040) (undefined)
==25932== Warning: set address range perms: large range [0x731c1040, 0x8c6c1040) (undefined)
==25932== Warning: set address range perms: large range [0x731c1028, 0x8c6c1058) (noaccess)
==25932== Warning: set address range perms: large range [0x59cc0028, 0x731c0058) (noaccess)
==25932== Warning: set address range perms: large range [0x59cc0040, 0x731c0040) (undefined)
==25932== Warning: set address range perms: large range [0x731c1040, 0x8c6c1040) (undefined)
==25932== Warning: set address range perms: large range [0x731c1028, 0x8c6c1058) (noaccess)
==25932== Warning: set address range perms: large range [0x59cc0028, 0x731c0058) (noaccess)
CG did not converge in 500 iterations. Final residual = 1.30345e+08
NR incr: 1, iter: 1
Modified residual norm: 3.44486e+08
-----------------------------------
CG did not converge in 500 iterations. Final residual = nan
NR incr: 1, iter: 2
Modified residual norm: -nan
-----------------------------------
CG did not converge in 500 iterations. Final residual = -nan
NR incr: 1, iter: 3
Modified residual norm: nan
-----------------------------------
CG did not converge in 500 iterations. Final residual = nan
NR incr: 1, iter: 4
Modified residual norm: -nan
-----------------------------------
CG did not converge in 500 iterations. Final residual = -nan
NR incr: 1, iter: 5
Modified residual norm: nan
-----------------------------------
CG did not converge in 500 iterations. Final residual = nan
NR incr: 1, iter: 6
Modified residual norm: -nan
-----------------------------------
CG did not converge in 500 iterations. Final residual = -nan
NR incr: 1, iter: 7
Modified residual norm: nan
-----------------------------------
CG did not converge in 500 iterations. Final residual = nan
NR incr: 1, iter: 8
Modified residual norm: -nan
-----------------------------------
CG did not converge in 500 iterations. Final residual = -nan
NR incr: 1, iter: 9
Modified residual norm: nan
-----------------------------------
CG did not converge in 500 iterations. Final residual = nan
NR incr: 1, iter: 10
Modified residual norm: -nan
-----------------------------------
--------------------
Nonlinear solve completed.
Total time taken (in ms): 3.76178e+06
==25932== 
==25932== HEAP SUMMARY:
==25932==     in use at exit: 448 bytes in 4 blocks
==25932==   total heap usage: 10,887,567 allocs, 10,887,563 frees, 29,794,642,842 bytes allocated
==25932== 
==25932== LEAK SUMMARY:
==25932==    definitely lost: 0 bytes in 0 blocks
==25932==    indirectly lost: 0 bytes in 0 blocks
==25932==      possibly lost: 0 bytes in 0 blocks
==25932==    still reachable: 448 bytes in 4 blocks
==25932==         suppressed: 0 bytes in 0 blocks
==25932== Reachable blocks (those to which a pointer was found) are not shown.
==25932== To see them, rerun with: --leak-check=full --show-leak-kinds=all
==25932== 
==25932== For lists of detected and suppressed errors, rerun with: -s
==25932== ERROR SUMMARY: 0 errors from 0 contexts (suppressed: 0 from 0)
