==24500== drd, a thread error detector
==24500== Copyright (C) 2006-2024, and GNU GPL'd, by Bart Van Assche et al.
==24500== Using Valgrind-3.26.0 and LibVEX; rerun with -h for copyright info
==24500== Command: ./build2/main
==24500== 
OpenMP active — threads: 2
Max threads: 2
CPUs available: 6
Starting the timer...
vex amd64->IR: unhandled instruction bytes: 0x62 0xF1 0x4F 0x8 0x7B 0xD8 0x62 0x51 0x4F 0x8
vex amd64->IR:   REX=0 REX.W=0 REX.R=0 REX.X=0 REX.B=0
vex amd64->IR:   VEX=0 VEX.L=0 VEX.nVVVV=0x0 ESC=NONE
vex amd64->IR:   PFX.66=0 PFX.F2=0 PFX.F3=0
==24500== valgrind: Unrecognised instruction at address 0x409068.
==24500==    at 0x409068: MeshGenerator<8u>::buildMesh() const (in /home/grathod/Spring26/ME759/Project/NH Solver - Parallel/build2/main)
==24500==    by 0x4040A3: main (in /home/grathod/Spring26/ME759/Project/NH Solver - Parallel/build2/main)
==24500== Your program just tried to execute an instruction that Valgrind
==24500== did not recognise.  There are two possible reasons for this.
==24500== 1. Your program has a bug and erroneously jumped to a non-code
==24500==    location.  If you are running Memcheck and you just saw a
==24500==    warning about a bad jump, it's probably your program's fault.
==24500== 2. The instruction is legitimate but Valgrind doesn't handle it,
==24500==    i.e. it's Valgrind's fault.  If you think this is the case or
==24500==    you are not sure, please let us know and we'll try to fix it.
==24500== Either way, Valgrind will now raise a SIGILL signal which will
==24500== probably kill your program.
==24500== 
==24500== Process terminating with default action of signal 4 (SIGILL)
==24500==  Illegal opcode at address 0x409068
==24500==    at 0x409068: MeshGenerator<8u>::buildMesh() const (in /home/grathod/Spring26/ME759/Project/NH Solver - Parallel/build2/main)
==24500==    by 0x4040A3: main (in /home/grathod/Spring26/ME759/Project/NH Solver - Parallel/build2/main)
==24500== 
==24500== For lists of detected and suppressed errors, rerun with: -s
==24500== ERROR SUMMARY: 0 errors from 0 contexts (suppressed: 300040 from 29)
