/var/spool/slurmd/job943014/slurm_script:10: command not found: module
==24758== Callgrind, a call-graph generating cache profiler
==24758== Copyright (C) 2002-2017, and GNU GPL'd, by Josef Weidendorfer et al.
==24758== Using Valgrind-3.26.0 and LibVEX; rerun with -h for copyright info
==24758== Command: ./build4/main
==24758== 
--24758-- warning: L3 cache found, using its data for the LL simulation.
==24758== For interactive control, run 'callgrind_control -h'.
vex amd64->IR: unhandled instruction bytes: 0x62 0xF1 0x4F 0x8 0x7B 0xD8 0x62 0x51 0x4F 0x8
vex amd64->IR:   REX=0 REX.W=0 REX.R=0 REX.X=0 REX.B=0
vex amd64->IR:   VEX=0 VEX.L=0 VEX.nVVVV=0x0 ESC=NONE
vex amd64->IR:   PFX.66=0 PFX.F2=0 PFX.F3=0
==24758== valgrind: Unrecognised instruction at address 0x409068.
==24758==    at 0x409068: MeshGenerator<8u>::buildMesh() const (in /home/grathod/Spring26/ME759/Project/NH Solver - Parallel/build4/main)
==24758==    by 0x4040A3: main (in /home/grathod/Spring26/ME759/Project/NH Solver - Parallel/build4/main)
==24758== Your program just tried to execute an instruction that Valgrind
==24758== did not recognise.  There are two possible reasons for this.
==24758== 1. Your program has a bug and erroneously jumped to a non-code
==24758==    location.  If you are running Memcheck and you just saw a
==24758==    warning about a bad jump, it's probably your program's fault.
==24758== 2. The instruction is legitimate but Valgrind doesn't handle it,
==24758==    i.e. it's Valgrind's fault.  If you think this is the case or
==24758==    you are not sure, please let us know and we'll try to fix it.
==24758== Either way, Valgrind will now raise a SIGILL signal which will
==24758== probably kill your program.
==24758== 
==24758== Process terminating with default action of signal 4 (SIGILL)
==24758==  Illegal opcode at address 0x409068
==24758==    at 0x409068: MeshGenerator<8u>::buildMesh() const (in /home/grathod/Spring26/ME759/Project/NH Solver - Parallel/build4/main)
==24758==    by 0x4040A3: main (in /home/grathod/Spring26/ME759/Project/NH Solver - Parallel/build4/main)
==24758== 
==24758== Events    : Ir Dr Dw I1mr D1mr D1mw ILmr DLmr DLmw
==24758== Collected : 7071130 1483118 384457 2814 31587 10013 2545 19863 9114
==24758== 
==24758== I   refs:      7,071,130
==24758== I1  misses:        2,814
==24758== LLi misses:        2,545
==24758== I1  miss rate:      0.04%
==24758== LLi miss rate:      0.04%
==24758== 
==24758== D   refs:      1,867,575  (1,483,118 rd + 384,457 wr)
==24758== D1  misses:       41,600  (   31,587 rd +  10,013 wr)
==24758== LLd misses:       28,977  (   19,863 rd +   9,114 wr)
==24758== D1  miss rate:       2.2% (      2.1%   +     2.6%  )
==24758== LLd miss rate:       1.6% (      1.3%   +     2.4%  )
==24758== 
==24758== LL refs:          44,414  (   34,401 rd +  10,013 wr)
==24758== LL misses:        31,522  (   22,408 rd +   9,114 wr)
==24758== LL miss rate:        0.4% (      0.3%   +     2.4%  )
