==24184== Memcheck, a memory error detector
==24184== Copyright (C) 2002-2024, and GNU GPL'd, by Julian Seward et al.
==24184== Using Valgrind-3.26.0 and LibVEX; rerun with -h for copyright info
==24184== Command: ./build1/main
==24184== 
OpenMP active — threads: 1
Max threads: 1
CPUs available: 1
Starting the timer...
vex amd64->IR: unhandled instruction bytes: 0x62 0xF1 0x4F 0x8 0x7B 0xD8 0x62 0x51 0x4F 0x8
vex amd64->IR:   REX=0 REX.W=0 REX.R=0 REX.X=0 REX.B=0
vex amd64->IR:   VEX=0 VEX.L=0 VEX.nVVVV=0x0 ESC=NONE
vex amd64->IR:   PFX.66=0 PFX.F2=0 PFX.F3=0
==24184== valgrind: Unrecognised instruction at address 0x409068.
==24184==    at 0x409068: MeshGenerator<8u>::buildMesh() const (in /home/grathod/Spring26/ME759/Project/NH Solver - Parallel/build1/main)
==24184==    by 0x4040A3: main (in /home/grathod/Spring26/ME759/Project/NH Solver - Parallel/build1/main)
==24184== Your program just tried to execute an instruction that Valgrind
==24184== did not recognise.  There are two possible reasons for this.
==24184== 1. Your program has a bug and erroneously jumped to a non-code
==24184==    location.  If you are running Memcheck and you just saw a
==24184==    warning about a bad jump, it's probably your program's fault.
==24184== 2. The instruction is legitimate but Valgrind doesn't handle it,
==24184==    i.e. it's Valgrind's fault.  If you think this is the case or
==24184==    you are not sure, please let us know and we'll try to fix it.
==24184== Either way, Valgrind will now raise a SIGILL signal which will
==24184== probably kill your program.
==24184== 
==24184== Process terminating with default action of signal 4 (SIGILL)
==24184==  Illegal opcode at address 0x409068
==24184==    at 0x409068: MeshGenerator<8u>::buildMesh() const (in /home/grathod/Spring26/ME759/Project/NH Solver - Parallel/build1/main)
==24184==    by 0x4040A3: main (in /home/grathod/Spring26/ME759/Project/NH Solver - Parallel/build1/main)
==24184== 
==24184== HEAP SUMMARY:
==24184==     in use at exit: 77,248 bytes in 6 blocks
==24184==   total heap usage: 14 allocs, 8 frees, 121,008 bytes allocated
==24184== 
==24184== LEAK SUMMARY:
==24184==    definitely lost: 0 bytes in 0 blocks
==24184==    indirectly lost: 0 bytes in 0 blocks
==24184==      possibly lost: 0 bytes in 0 blocks
==24184==    still reachable: 77,248 bytes in 6 blocks
==24184==         suppressed: 0 bytes in 0 blocks
==24184== Reachable blocks (those to which a pointer was found) are not shown.
==24184== To see them, rerun with: --leak-check=full --show-leak-kinds=all
==24184== 
==24184== For lists of detected and suppressed errors, rerun with: -s
==24184== ERROR SUMMARY: 0 errors from 0 contexts (suppressed: 0 from 0)
