/var/spool/slurmd/job943026/slurm_script:10: command not found: module
==25573== Callgrind, a call-graph generating cache profiler
==25573== Copyright (C) 2002-2017, and GNU GPL'd, by Josef Weidendorfer et al.
==25573== Using Valgrind-3.26.0 and LibVEX; rerun with -h for copyright info
==25573== Command: ./build4/main
==25573== 
--25573-- warning: L3 cache found, using its data for the LL simulation.
==25573== For interactive control, run 'callgrind_control -h'.
==25573== brk segment overflow in thread #1: can't grow to 0x4856000
==25573== (see section Limitations in user manual)
==25573== NOTE: further instances of this message will not be shown
==25573== 
==25573== Events    : Ir Dr Dw I1mr D1mr D1mw ILmr DLmr DLmw
==25573== Collected : 1153860691590 389040673783 24317398845 2772607 12841383462 627944756 27973 407652966 386872094
==25573== 
==25573== I   refs:      1,153,860,691,590
==25573== I1  misses:            2,772,607
==25573== LLi misses:               27,973
==25573== I1  miss rate:              0.00%
==25573== LLi miss rate:              0.00%
==25573== 
==25573== D   refs:        413,358,072,628  (389,040,673,783 rd + 24,317,398,845 wr)
==25573== D1  misses:       13,469,328,218  ( 12,841,383,462 rd +    627,944,756 wr)
==25573== LLd misses:          794,525,060  (    407,652,966 rd +    386,872,094 wr)
==25573== D1  miss rate:               3.3% (            3.3%   +            2.6%  )
==25573== LLd miss rate:               0.2% (            0.1%   +            1.6%  )
==25573== 
==25573== LL refs:          13,472,100,825  ( 12,844,156,069 rd +    627,944,756 wr)
==25573== LL misses:           794,553,033  (    407,680,939 rd +    386,872,094 wr)
==25573== LL miss rate:                0.1% (            0.0%   +            1.6%  )
