==25356== Memcheck, a memory error detector
==25356== Copyright (C) 2002-2024, and GNU GPL'd, by Julian Seward et al.
==25356== Using Valgrind-3.26.0 and LibVEX; rerun with -h for copyright info
==25356== Command: ./build1/main
==25356== 
OpenMP active — threads: 1
Max threads: 1
CPUs available: 1
Starting the timer...
Mesh built: 50625 nodes, 46080 elements
--------------------
Boundary Conditions Summary:
Total DOFs: 151875
Dirischlet DOFs: 2500
Unknown DOFs: 149375
--------------------
Starting nonlinear solve...
--------------------
==25356== Warning: set address range perms: large range [0x616e040, 0x1f66e040) (undefined)
==25356== Warning: set address range perms: large range [0x2d4f0040, 0x469f0040) (undefined)
==25356== Warning: set address range perms: large range [0x2d4f0028, 0x469f0058) (noaccess)
==25356== Warning: set address range perms: large range [0x616e028, 0x1f66e058) (noaccess)
==25356== Warning: set address range perms: large range [0x32b94040, 0x4c094040) (undefined)
==25356== Warning: set address range perms: large range [0x59cc0040, 0x731c0040) (undefined)
==25356== Warning: set address range perms: large range [0x59cc0028, 0x731c0058) (noaccess)
==25356== Warning: set address range perms: large range [0x32b94028, 0x4c094058) (noaccess)
==25356== Warning: set address range perms: large range [0x59cc0040, 0x731c0040) (undefined)
==25356== Warning: set address range perms: large range [0x731c1040, 0x8c6c1040) (undefined)
==25356== Warning: set address range perms: large range [0x731c1028, 0x8c6c1058) (noaccess)
==25356== Warning: set address range perms: large range [0x59cc0028, 0x731c0058) (noaccess)
==25356== Warning: set address range perms: large range [0x3cff3040, 0x564f3040) (undefined)
==25356== Warning: set address range perms: large range [0x59cc0040, 0x731c0040) (undefined)
==25356== Warning: set address range perms: large range [0x59cc0028, 0x731c0058) (noaccess)
==25356== Warning: set address range perms: large range [0x3cff3028, 0x564f3058) (noaccess)
==25356== Warning: set address range perms: large range [0x377c4040, 0x50cc4040) (undefined)
==25356== Warning: set address range perms: large range [0x59cc0040, 0x731c0040) (undefined)
==25356== Warning: set address range perms: large range [0x59cc0028, 0x731c0058) (noaccess)
==25356== Warning: set address range perms: large range [0x377c4028, 0x50cc4058) (noaccess)
==25356== Warning: set address range perms: large range [0x59cc0040, 0x731c0040) (undefined)
==25356== Warning: set address range perms: large range [0x731c1040, 0x8c6c1040) (undefined)
==25356== Warning: set address range perms: large range [0x731c1028, 0x8c6c1058) (noaccess)
==25356== Warning: set address range perms: large range [0x59cc0028, 0x731c0058) (noaccess)
==25356== Warning: set address range perms: large range [0x59cc0040, 0x731c0040) (undefined)
==25356== Warning: set address range perms: large range [0x731c1040, 0x8c6c1040) (undefined)
==25356== Warning: set address range perms: large range [0x731c1028, 0x8c6c1058) (noaccess)
==25356== Warning: set address range perms: large range [0x59cc0028, 0x731c0058) (noaccess)
==25356== Warning: set address range perms: large range [0x59cc0040, 0x731c0040) (undefined)
==25356== Warning: set address range perms: large range [0x731c1040, 0x8c6c1040) (undefined)
==25356== Warning: set address range perms: large range [0x731c1028, 0x8c6c1058) (noaccess)
==25356== Warning: set address range perms: large range [0x59cc0028, 0x731c0058) (noaccess)
==25356== Warning: set address range perms: large range [0x59cc0040, 0x731c0040) (undefined)
==25356== Warning: set address range perms: large range [0x731c1040, 0x8c6c1040) (undefined)
==25356== Warning: set address range perms: large range [0x731c1028, 0x8c6c1058) (noaccess)
==25356== Warning: set address range perms: large range [0x59cc0028, 0x731c0058) (noaccess)
==25356== Warning: set address range perms: large range [0x59cc0040, 0x731c0040) (undefined)
==25356== Warning: set address range perms: large range [0x731c1040, 0x8c6c1040) (undefined)
==25356== Warning: set address range perms: large range [0x731c1028, 0x8c6c1058) (noaccess)
==25356== Warning: set address range perms: large range [0x59cc0028, 0x731c0058) (noaccess)
CG did not converge in 500 iterations. Final residual = 1.27176e+08
NR incr: 1, iter: 1
Modified residual norm: 3.42673e+08
-----------------------------------
CG did not converge in 500 iterations. Final residual = nan
NR incr: 1, iter: 2
Modified residual norm: -nan
-----------------------------------
CG did not converge in 500 iterations. Final residual = -nan
NR incr: 1, iter: 3
Modified residual norm: nan
-----------------------------------
CG did not converge in 500 iterations. Final residual = nan
NR incr: 1, iter: 4
Modified residual norm: -nan
-----------------------------------
CG did not converge in 500 iterations. Final residual = -nan
NR incr: 1, iter: 5
Modified residual norm: nan
-----------------------------------
CG did not converge in 500 iterations. Final residual = nan
NR incr: 1, iter: 6
Modified residual norm: -nan
-----------------------------------
CG did not converge in 500 iterations. Final residual = -nan
NR incr: 1, iter: 7
Modified residual norm: nan
-----------------------------------
CG did not converge in 500 iterations. Final residual = nan
NR incr: 1, iter: 8
Modified residual norm: -nan
-----------------------------------
CG did not converge in 500 iterations. Final residual = -nan
NR incr: 1, iter: 9
Modified residual norm: nan
-----------------------------------
CG did not converge in 500 iterations. Final residual = nan
NR incr: 1, iter: 10
Modified residual norm: -nan
-----------------------------------
--------------------
Nonlinear solve completed.
Total time taken (in ms): 3.76253e+06
==25356== 
==25356== HEAP SUMMARY:
==25356==     in use at exit: 448 bytes in 4 blocks
==25356==   total heap usage: 10,887,567 allocs, 10,887,563 frees, 29,794,642,842 bytes allocated
==25356== 
==25356== LEAK SUMMARY:
==25356==    definitely lost: 0 bytes in 0 blocks
==25356==    indirectly lost: 0 bytes in 0 blocks
==25356==      possibly lost: 0 bytes in 0 blocks
==25356==    still reachable: 448 bytes in 4 blocks
==25356==         suppressed: 0 bytes in 0 blocks
==25356== Reachable blocks (those to which a pointer was found) are not shown.
==25356== To see them, rerun with: --leak-check=full --show-leak-kinds=all
==25356== 
==25356== For lists of detected and suppressed errors, rerun with: -s
==25356== ERROR SUMMARY: 0 errors from 0 contexts (suppressed: 0 from 0)
