/var/spool/slurmd/job943025/slurm_script:10: command not found: module
==25536== Cachegrind, a high-precision tracing profiler
==25536== Copyright (C) 2002-2024, and GNU GPL'd, by Nicholas Nethercote et al.
==25536== Using Valgrind-3.26.0 and LibVEX; rerun with -h for copyright info
==25536== Command: ./build3/main
==25536== 
--25536-- warning: L3 cache found, using its data for the LL simulation.
==25536== brk segment overflow in thread #1: can't grow to 0x4856000
==25536== (see section Limitations in user manual)
==25536== NOTE: further instances of this message will not be shown
==25536== 
==25536== I refs:        1,152,896,744,393
==25536== I1  misses:            2,781,168
==25536== LLi misses:               28,001
==25536== I1  miss rate:              0.00%
==25536== LLi miss rate:              0.00%
==25536== 
==25536== D refs:          413,248,221,948  (390,218,579,650 rd   + 23,029,642,298 wr)
==25536== D1  misses:       13,478,146,556  ( 12,849,357,714 rd   +    628,788,842 wr)
==25536== LLd misses:          802,764,612  (    405,799,509 rd   +    396,965,103 wr)
==25536== D1  miss rate:               3.3% (            3.3%     +            2.7%  )
==25536== LLd miss rate:               0.2% (            0.1%     +            1.7%  )
==25536== 
==25536== LL refs:          13,480,927,724  ( 12,852,138,882 rd   +    628,788,842 wr)
==25536== LL misses:           802,792,613  (    405,827,510 rd   +    396,965,103 wr)
==25536== LL miss rate:                0.1% (            0.0%     +            1.7%  )
==25536== 
==25536== Branches:        248,197,949,514  (248,095,562,031 cond +    102,387,483 ind)
==25536== Mispredicts:       4,359,867,299  (  4,356,626,402 cond +      3,240,897 ind)
==25536== Mispred rate:                1.8% (            1.8%     +            3.2%   )
