OpenMP active — threads: 38
Max threads: 38
CPUs available: 48
Starting the timer...
Mesh built: 386561 nodes, 368640 elements
--------------------
Boundary Conditions Summary:
Total DOFs: 1159683
Dirischlet DOFs: 9604
Unknown DOFs: 1150079
--------------------
Starting nonlinear solve...
--------------------
CG did not converge in 500 iterations. Final residual = 0.000668321
NR incr: 1, iter: 1
Modified residual norm: 374014
-----------------------------------
CG did not converge in 500 iterations. Final residual = 0.000623136
NR incr: 1, iter: 2
Modified residual norm: 52605.2
-----------------------------------
CG did not converge in 500 iterations. Final residual = 0.000154597
NR incr: 1, iter: 3
Modified residual norm: 2164.09
-----------------------------------
CG did not converge in 500 iterations. Final residual = 7.12181e-06
NR incr: 1, iter: 4
Modified residual norm: 4.6086
-----------------------------------
CG solve complete in 429 iterations
NR incr: 1, iter: 5
Modified residual norm: 2.86793e-05
-----------------------------------
CG solve complete in 47 iterations
NR incr: 1, iter: 6
Modified residual norm: 9.87497e-07
-----------------------------------
Convergence achieved for incr 1 in 6 iterations.
CG did not converge in 500 iterations. Final residual = 0.000673675
NR incr: 2, iter: 1
Modified residual norm: 374853
-----------------------------------
CG did not converge in 500 iterations. Final residual = 0.000627661
NR incr: 2, iter: 2
Modified residual norm: 52681.1
-----------------------------------
CG did not converge in 500 iterations. Final residual = 0.000155089
NR incr: 2, iter: 3
Modified residual norm: 2161.56
-----------------------------------
CG did not converge in 500 iterations. Final residual = 7.12163e-06
NR incr: 2, iter: 4
Modified residual norm: 4.57708
-----------------------------------
CG solve complete in 429 iterations
NR incr: 2, iter: 5
Modified residual norm: 2.82178e-05
-----------------------------------
CG solve complete in 47 iterations
NR incr: 2, iter: 6
Modified residual norm: 9.81533e-07
-----------------------------------
Convergence achieved for incr 2 in 6 iterations.
CG did not converge in 500 iterations. Final residual = 0.000677111
NR incr: 3, iter: 1
Modified residual norm: 375692
-----------------------------------
CG did not converge in 500 iterations. Final residual = 0.000630374
NR incr: 3, iter: 2
Modified residual norm: 52757
-----------------------------------
CG did not converge in 500 iterations. Final residual = 0.000156536
NR incr: 3, iter: 3
Modified residual norm: 2159.04
-----------------------------------
CG did not converge in 500 iterations. Final residual = 7.13607e-06
NR incr: 3, iter: 4
Modified residual norm: 4.54582
-----------------------------------
CG solve complete in 429 iterations
NR incr: 3, iter: 5
Modified residual norm: 2.77594e-05
-----------------------------------
CG solve complete in 47 iterations
NR incr: 3, iter: 6
Modified residual norm: 9.79929e-07
-----------------------------------
Convergence achieved for incr 3 in 6 iterations.
CG did not converge in 500 iterations. Final residual = 0.000682596
NR incr: 4, iter: 1
Modified residual norm: 376532
-----------------------------------
CG did not converge in 500 iterations. Final residual = 0.000636328
NR incr: 4, iter: 2
Modified residual norm: 52832.9
-----------------------------------
CG did not converge in 500 iterations. Final residual = 0.000157699
NR incr: 4, iter: 3
Modified residual norm: 2156.52
-----------------------------------
CG did not converge in 500 iterations. Final residual = 7.15918e-06
NR incr: 4, iter: 4
Modified residual norm: 4.51483
-----------------------------------
CG solve complete in 429 iterations
NR incr: 4, iter: 5
Modified residual norm: 2.73041e-05
-----------------------------------
CG solve complete in 47 iterations
NR incr: 4, iter: 6
Modified residual norm: 9.71616e-07
-----------------------------------
Convergence achieved for incr 4 in 6 iterations.
CG did not converge in 500 iterations. Final residual = 0.000689579
NR incr: 5, iter: 1
Modified residual norm: 377373
-----------------------------------
CG did not converge in 500 iterations. Final residual = 0.000642724
NR incr: 5, iter: 2
Modified residual norm: 52908.7
-----------------------------------
CG did not converge in 500 iterations. Final residual = 0.00015917
NR incr: 5, iter: 3
Modified residual norm: 2154.01
-----------------------------------
CG did not converge in 500 iterations. Final residual = 7.19563e-06
NR incr: 5, iter: 4
Modified residual norm: 4.4841
-----------------------------------
CG solve complete in 429 iterations
NR incr: 5, iter: 5
Modified residual norm: 2.68606e-05
-----------------------------------
CG solve complete in 47 iterations
NR incr: 5, iter: 6
Modified residual norm: 9.61759e-07
-----------------------------------
Convergence achieved for incr 5 in 6 iterations.
CG did not converge in 500 iterations. Final residual = 0.00069653
NR incr: 6, iter: 1
Modified residual norm: 378215
-----------------------------------
CG did not converge in 500 iterations. Final residual = 0.00065017
NR incr: 6, iter: 2
Modified residual norm: 52984.5
-----------------------------------
CG did not converge in 500 iterations. Final residual = 0.000160502
NR incr: 6, iter: 3
Modified residual norm: 2151.51
-----------------------------------
CG did not converge in 500 iterations. Final residual = 7.22297e-06
NR incr: 6, iter: 4
Modified residual norm: 4.45364
-----------------------------------
CG solve complete in 429 iterations
NR incr: 6, iter: 5
Modified residual norm: 2.64335e-05
-----------------------------------
CG solve complete in 47 iterations
NR incr: 6, iter: 6
Modified residual norm: 9.57322e-07
-----------------------------------
Convergence achieved for incr 6 in 6 iterations.
CG did not converge in 500 iterations. Final residual = 0.000700841
NR incr: 7, iter: 1
Modified residual norm: 379058
-----------------------------------
CG did not converge in 500 iterations. Final residual = 0.00065941
NR incr: 7, iter: 2
Modified residual norm: 53060.4
-----------------------------------
CG did not converge in 500 iterations. Final residual = 0.000161862
NR incr: 7, iter: 3
Modified residual norm: 2149.01
-----------------------------------
CG did not converge in 500 iterations. Final residual = 7.25792e-06
NR incr: 7, iter: 4
Modified residual norm: 4.42343
-----------------------------------
CG solve complete in 428 iterations
NR incr: 7, iter: 5
Modified residual norm: 2.60087e-05
-----------------------------------
CG solve complete in 47 iterations
NR incr: 7, iter: 6
Modified residual norm: 9.97449e-07
-----------------------------------
Convergence achieved for incr 7 in 6 iterations.
CG did not converge in 500 iterations. Final residual = 0.000705122
NR incr: 8, iter: 1
Modified residual norm: 379902
-----------------------------------
CG did not converge in 500 iterations. Final residual = 0.000667657
NR incr: 8, iter: 2
Modified residual norm: 53136.2
-----------------------------------
CG did not converge in 500 iterations. Final residual = 0.000162948
NR incr: 8, iter: 3
Modified residual norm: 2146.51
-----------------------------------
CG did not converge in 500 iterations. Final residual = 7.27108e-06
NR incr: 8, iter: 4
Modified residual norm: 4.39347
-----------------------------------
CG solve complete in 428 iterations
NR incr: 8, iter: 5
Modified residual norm: 2.55819e-05
-----------------------------------
CG solve complete in 47 iterations
NR incr: 8, iter: 6
Modified residual norm: 9.9317e-07
-----------------------------------
Convergence achieved for incr 8 in 6 iterations.
CG did not converge in 500 iterations. Final residual = 0.000714968
NR incr: 9, iter: 1
Modified residual norm: 380746
-----------------------------------
CG did not converge in 500 iterations. Final residual = 0.000677674
NR incr: 9, iter: 2
Modified residual norm: 53211.9
-----------------------------------
CG did not converge in 500 iterations. Final residual = 0.00016396
NR incr: 9, iter: 3
Modified residual norm: 2144.03
-----------------------------------
CG did not converge in 500 iterations. Final residual = 7.27742e-06
NR incr: 9, iter: 4
Modified residual norm: 4.36377
-----------------------------------
CG solve complete in 428 iterations
NR incr: 9, iter: 5
Modified residual norm: 2.51658e-05
-----------------------------------
CG solve complete in 46 iterations
NR incr: 9, iter: 6
Modified residual norm: 9.87581e-07
-----------------------------------
Convergence achieved for incr 9 in 6 iterations.
CG did not converge in 500 iterations. Final residual = 0.000722958
NR incr: 10, iter: 1
Modified residual norm: 381591
-----------------------------------
CG did not converge in 500 iterations. Final residual = 0.000686789
NR incr: 10, iter: 2
Modified residual norm: 53287.7
-----------------------------------
CG did not converge in 500 iterations. Final residual = 0.000165268
NR incr: 10, iter: 3
Modified residual norm: 2141.55
-----------------------------------
CG did not converge in 500 iterations. Final residual = 7.33106e-06
NR incr: 10, iter: 4
Modified residual norm: 4.33432
-----------------------------------
CG solve complete in 428 iterations
NR incr: 10, iter: 5
Modified residual norm: 2.47649e-05
-----------------------------------
CG solve complete in 46 iterations
NR incr: 10, iter: 6
Modified residual norm: 9.83963e-07
-----------------------------------
Convergence achieved for incr 10 in 6 iterations.
--------------------
Nonlinear solve completed.
Total time taken (in ms): 731913
