OpenMP active — threads: 16
Max threads: 16
CPUs available: 30
Starting the timer...
Mesh built: 386561 nodes, 368640 elements
--------------------
Boundary Conditions Summary:
Total DOFs: 1159683
Dirischlet DOFs: 9604
Unknown DOFs: 1150079
--------------------
Starting nonlinear solve...
--------------------
CG did not converge in 500 iterations. Final residual = 0.00066819
NR incr: 1, iter: 1
Modified residual norm: 374014
-----------------------------------
CG did not converge in 500 iterations. Final residual = 0.000623423
NR incr: 1, iter: 2
Modified residual norm: 52605.2
-----------------------------------
CG did not converge in 500 iterations. Final residual = 0.000154561
NR incr: 1, iter: 3
Modified residual norm: 2164.09
-----------------------------------
CG did not converge in 500 iterations. Final residual = 7.14328e-06
NR incr: 1, iter: 4
Modified residual norm: 4.6086
-----------------------------------
CG solve complete in 429 iterations
NR incr: 1, iter: 5
Modified residual norm: 2.86896e-05
-----------------------------------
CG solve complete in 47 iterations
NR incr: 1, iter: 6
Modified residual norm: 9.92171e-07
-----------------------------------
Convergence achieved for incr 1 in 6 iterations.
CG did not converge in 500 iterations. Final residual = 0.000673344
NR incr: 2, iter: 1
Modified residual norm: 374853
-----------------------------------
CG did not converge in 500 iterations. Final residual = 0.000628203
NR incr: 2, iter: 2
Modified residual norm: 52681.1
-----------------------------------
CG did not converge in 500 iterations. Final residual = 0.000154941
NR incr: 2, iter: 3
Modified residual norm: 2161.56
-----------------------------------
CG did not converge in 500 iterations. Final residual = 7.12474e-06
NR incr: 2, iter: 4
Modified residual norm: 4.57708
-----------------------------------
CG solve complete in 429 iterations
NR incr: 2, iter: 5
Modified residual norm: 2.8216e-05
-----------------------------------
CG solve complete in 47 iterations
NR incr: 2, iter: 6
Modified residual norm: 9.82688e-07
-----------------------------------
Convergence achieved for incr 2 in 6 iterations.
CG did not converge in 500 iterations. Final residual = 0.000675101
NR incr: 3, iter: 1
Modified residual norm: 375692
-----------------------------------
CG did not converge in 500 iterations. Final residual = 0.000630938
NR incr: 3, iter: 2
Modified residual norm: 52757
-----------------------------------
CG did not converge in 500 iterations. Final residual = 0.000156512
NR incr: 3, iter: 3
Modified residual norm: 2159.04
-----------------------------------
CG did not converge in 500 iterations. Final residual = 7.12489e-06
NR incr: 3, iter: 4
Modified residual norm: 4.54582
-----------------------------------
CG solve complete in 429 iterations
NR incr: 3, iter: 5
Modified residual norm: 2.77528e-05
-----------------------------------
CG solve complete in 47 iterations
NR incr: 3, iter: 6
Modified residual norm: 9.75826e-07
-----------------------------------
Convergence achieved for incr 3 in 6 iterations.
CG did not converge in 500 iterations. Final residual = 0.000682681
NR incr: 4, iter: 1
Modified residual norm: 376532
-----------------------------------
CG did not converge in 500 iterations. Final residual = 0.000636371
NR incr: 4, iter: 2
Modified residual norm: 52832.9
-----------------------------------
CG did not converge in 500 iterations. Final residual = 0.000157634
NR incr: 4, iter: 3
Modified residual norm: 2156.52
-----------------------------------
CG did not converge in 500 iterations. Final residual = 7.15117e-06
NR incr: 4, iter: 4
Modified residual norm: 4.51483
-----------------------------------
CG solve complete in 429 iterations
NR incr: 4, iter: 5
Modified residual norm: 2.72982e-05
-----------------------------------
CG solve complete in 47 iterations
NR incr: 4, iter: 6
Modified residual norm: 9.67477e-07
-----------------------------------
Convergence achieved for incr 4 in 6 iterations.
CG did not converge in 500 iterations. Final residual = 0.000689062
NR incr: 5, iter: 1
Modified residual norm: 377373
-----------------------------------
CG did not converge in 500 iterations. Final residual = 0.000643252
NR incr: 5, iter: 2
Modified residual norm: 52908.7
-----------------------------------
CG did not converge in 500 iterations. Final residual = 0.000159126
NR incr: 5, iter: 3
Modified residual norm: 2154.01
-----------------------------------
CG did not converge in 500 iterations. Final residual = 7.19024e-06
NR incr: 5, iter: 4
Modified residual norm: 4.4841
-----------------------------------
CG solve complete in 429 iterations
NR incr: 5, iter: 5
Modified residual norm: 2.68601e-05
-----------------------------------
CG solve complete in 47 iterations
NR incr: 5, iter: 6
Modified residual norm: 9.64219e-07
-----------------------------------
Convergence achieved for incr 5 in 6 iterations.
CG did not converge in 500 iterations. Final residual = 0.000696865
NR incr: 6, iter: 1
Modified residual norm: 378215
-----------------------------------
CG did not converge in 500 iterations. Final residual = 0.000650738
NR incr: 6, iter: 2
Modified residual norm: 52984.5
-----------------------------------
CG did not converge in 500 iterations. Final residual = 0.000160593
NR incr: 6, iter: 3
Modified residual norm: 2151.51
-----------------------------------
CG did not converge in 500 iterations. Final residual = 7.21904e-06
NR incr: 6, iter: 4
Modified residual norm: 4.45364
-----------------------------------
CG solve complete in 429 iterations
NR incr: 6, iter: 5
Modified residual norm: 2.64309e-05
-----------------------------------
CG solve complete in 47 iterations
NR incr: 6, iter: 6
Modified residual norm: 9.56174e-07
-----------------------------------
Convergence achieved for incr 6 in 6 iterations.
CG did not converge in 500 iterations. Final residual = 0.000699526
NR incr: 7, iter: 1
Modified residual norm: 379058
-----------------------------------
CG did not converge in 500 iterations. Final residual = 0.000660899
NR incr: 7, iter: 2
Modified residual norm: 53060.4
-----------------------------------
CG did not converge in 500 iterations. Final residual = 0.00016176
NR incr: 7, iter: 3
Modified residual norm: 2149.01
-----------------------------------
CG did not converge in 500 iterations. Final residual = 7.2517e-06
NR incr: 7, iter: 4
Modified residual norm: 4.42343
-----------------------------------
CG solve complete in 429 iterations
NR incr: 7, iter: 5
Modified residual norm: 2.60042e-05
-----------------------------------
CG solve complete in 47 iterations
NR incr: 7, iter: 6
Modified residual norm: 9.57707e-07
-----------------------------------
Convergence achieved for incr 7 in 6 iterations.
CG did not converge in 500 iterations. Final residual = 0.000707845
NR incr: 8, iter: 1
Modified residual norm: 379902
-----------------------------------
CG did not converge in 500 iterations. Final residual = 0.000671214
NR incr: 8, iter: 2
Modified residual norm: 53136.2
-----------------------------------
CG did not converge in 500 iterations. Final residual = 0.000162819
NR incr: 8, iter: 3
Modified residual norm: 2146.51
-----------------------------------
CG did not converge in 500 iterations. Final residual = 7.27165e-06
NR incr: 8, iter: 4
Modified residual norm: 4.39347
-----------------------------------
CG solve complete in 428 iterations
NR incr: 8, iter: 5
Modified residual norm: 2.55812e-05
-----------------------------------
CG solve complete in 47 iterations
NR incr: 8, iter: 6
Modified residual norm: 9.92702e-07
-----------------------------------
Convergence achieved for incr 8 in 6 iterations.
CG did not converge in 500 iterations. Final residual = 0.000715874
NR incr: 9, iter: 1
Modified residual norm: 380746
-----------------------------------
CG did not converge in 500 iterations. Final residual = 0.000678421
NR incr: 9, iter: 2
Modified residual norm: 53211.9
-----------------------------------
CG did not converge in 500 iterations. Final residual = 0.000163753
NR incr: 9, iter: 3
Modified residual norm: 2144.03
-----------------------------------
CG did not converge in 500 iterations. Final residual = 7.28837e-06
NR incr: 9, iter: 4
Modified residual norm: 4.36377
-----------------------------------
CG solve complete in 428 iterations
NR incr: 9, iter: 5
Modified residual norm: 2.51717e-05
-----------------------------------
CG solve complete in 46 iterations
NR incr: 9, iter: 6
Modified residual norm: 9.89839e-07
-----------------------------------
Convergence achieved for incr 9 in 6 iterations.
CG did not converge in 500 iterations. Final residual = 0.000722772
NR incr: 10, iter: 1
Modified residual norm: 381591
-----------------------------------
CG did not converge in 500 iterations. Final residual = 0.000685764
NR incr: 10, iter: 2
Modified residual norm: 53287.7
-----------------------------------
CG did not converge in 500 iterations. Final residual = 0.000165332
NR incr: 10, iter: 3
Modified residual norm: 2141.55
-----------------------------------
CG did not converge in 500 iterations. Final residual = 7.32709e-06
NR incr: 10, iter: 4
Modified residual norm: 4.33432
-----------------------------------
CG solve complete in 428 iterations
NR incr: 10, iter: 5
Modified residual norm: 2.47619e-05
-----------------------------------
CG solve complete in 46 iterations
NR incr: 10, iter: 6
Modified residual norm: 9.86308e-07
-----------------------------------
Convergence achieved for incr 10 in 6 iterations.
--------------------
Nonlinear solve completed.
Total time taken (in ms): 1.08486e+06
