OpenMP active — threads: 46
Max threads: 46
CPUs available: 46
Starting the timer...
Mesh built: 386561 nodes, 368640 elements
--------------------
Boundary Conditions Summary:
Total DOFs: 1159683
Dirischlet DOFs: 9604
Unknown DOFs: 1150079
--------------------
Starting nonlinear solve...
--------------------
CG did not converge in 500 iterations. Final residual = 0.000668093
NR incr: 1, iter: 1
Modified residual norm: 374014
-----------------------------------
CG did not converge in 500 iterations. Final residual = 0.000622561
NR incr: 1, iter: 2
Modified residual norm: 52605.2
-----------------------------------
CG did not converge in 500 iterations. Final residual = 0.000154607
NR incr: 1, iter: 3
Modified residual norm: 2164.09
-----------------------------------
CG did not converge in 500 iterations. Final residual = 7.11331e-06
NR incr: 1, iter: 4
Modified residual norm: 4.6086
-----------------------------------
CG solve complete in 429 iterations
NR incr: 1, iter: 5
Modified residual norm: 2.86748e-05
-----------------------------------
CG solve complete in 47 iterations
NR incr: 1, iter: 6
Modified residual norm: 9.87136e-07
-----------------------------------
Convergence achieved for incr 1 in 6 iterations.
CG did not converge in 500 iterations. Final residual = 0.000674232
NR incr: 2, iter: 1
Modified residual norm: 374853
-----------------------------------
CG did not converge in 500 iterations. Final residual = 0.000628283
NR incr: 2, iter: 2
Modified residual norm: 52681.1
-----------------------------------
CG did not converge in 500 iterations. Final residual = 0.0001547
NR incr: 2, iter: 3
Modified residual norm: 2161.56
-----------------------------------
CG did not converge in 500 iterations. Final residual = 7.10768e-06
NR incr: 2, iter: 4
Modified residual norm: 4.57708
-----------------------------------
CG solve complete in 429 iterations
NR incr: 2, iter: 5
Modified residual norm: 2.82021e-05
-----------------------------------
CG solve complete in 47 iterations
NR incr: 2, iter: 6
Modified residual norm: 9.8402e-07
-----------------------------------
Convergence achieved for incr 2 in 6 iterations.
CG did not converge in 500 iterations. Final residual = 0.000675115
NR incr: 3, iter: 1
Modified residual norm: 375692
-----------------------------------
CG did not converge in 500 iterations. Final residual = 0.000630322
NR incr: 3, iter: 2
Modified residual norm: 52757
-----------------------------------
CG did not converge in 500 iterations. Final residual = 0.000156413
NR incr: 3, iter: 3
Modified residual norm: 2159.04
-----------------------------------
CG did not converge in 500 iterations. Final residual = 7.12764e-06
NR incr: 3, iter: 4
Modified residual norm: 4.54582
-----------------------------------
CG solve complete in 429 iterations
NR incr: 3, iter: 5
Modified residual norm: 2.77546e-05
-----------------------------------
CG solve complete in 47 iterations
NR incr: 3, iter: 6
Modified residual norm: 9.742e-07
-----------------------------------
Convergence achieved for incr 3 in 6 iterations.
CG did not converge in 500 iterations. Final residual = 0.000681701
NR incr: 4, iter: 1
Modified residual norm: 376532
-----------------------------------
CG did not converge in 500 iterations. Final residual = 0.000636073
NR incr: 4, iter: 2
Modified residual norm: 52832.9
-----------------------------------
CG did not converge in 500 iterations. Final residual = 0.000157709
NR incr: 4, iter: 3
Modified residual norm: 2156.52
-----------------------------------
CG did not converge in 500 iterations. Final residual = 7.15619e-06
NR incr: 4, iter: 4
Modified residual norm: 4.51483
-----------------------------------
CG solve complete in 429 iterations
NR incr: 4, iter: 5
Modified residual norm: 2.7302e-05
-----------------------------------
CG solve complete in 47 iterations
NR incr: 4, iter: 6
Modified residual norm: 9.66222e-07
-----------------------------------
Convergence achieved for incr 4 in 6 iterations.
CG did not converge in 500 iterations. Final residual = 0.00068921
NR incr: 5, iter: 1
Modified residual norm: 377373
-----------------------------------
CG did not converge in 500 iterations. Final residual = 0.000642476
NR incr: 5, iter: 2
Modified residual norm: 52908.7
-----------------------------------
CG did not converge in 500 iterations. Final residual = 0.000159191
NR incr: 5, iter: 3
Modified residual norm: 2154.01
-----------------------------------
CG did not converge in 500 iterations. Final residual = 7.17087e-06
NR incr: 5, iter: 4
Modified residual norm: 4.4841
-----------------------------------
CG solve complete in 429 iterations
NR incr: 5, iter: 5
Modified residual norm: 2.68432e-05
-----------------------------------
CG solve complete in 47 iterations
NR incr: 5, iter: 6
Modified residual norm: 9.60417e-07
-----------------------------------
Convergence achieved for incr 5 in 6 iterations.
CG did not converge in 500 iterations. Final residual = 0.000696838
NR incr: 6, iter: 1
Modified residual norm: 378215
-----------------------------------
CG did not converge in 500 iterations. Final residual = 0.000650069
NR incr: 6, iter: 2
Modified residual norm: 52984.5
-----------------------------------
CG did not converge in 500 iterations. Final residual = 0.000160562
NR incr: 6, iter: 3
Modified residual norm: 2151.51
-----------------------------------
CG did not converge in 500 iterations. Final residual = 7.22687e-06
NR incr: 6, iter: 4
Modified residual norm: 4.45364
-----------------------------------
CG solve complete in 428 iterations
NR incr: 6, iter: 5
Modified residual norm: 2.64347e-05
-----------------------------------
CG solve complete in 47 iterations
NR incr: 6, iter: 6
Modified residual norm: 9.99545e-07
-----------------------------------
Convergence achieved for incr 6 in 6 iterations.
CG did not converge in 500 iterations. Final residual = 0.000700804
NR incr: 7, iter: 1
Modified residual norm: 379058
-----------------------------------
CG did not converge in 500 iterations. Final residual = 0.000662119
NR incr: 7, iter: 2
Modified residual norm: 53060.4
-----------------------------------
CG did not converge in 500 iterations. Final residual = 0.000161874
NR incr: 7, iter: 3
Modified residual norm: 2149.01
-----------------------------------
CG did not converge in 500 iterations. Final residual = 7.24887e-06
NR incr: 7, iter: 4
Modified residual norm: 4.42343
-----------------------------------
CG solve complete in 428 iterations
NR incr: 7, iter: 5
Modified residual norm: 2.59972e-05
-----------------------------------
CG solve complete in 47 iterations
NR incr: 7, iter: 6
Modified residual norm: 9.95328e-07
-----------------------------------
Convergence achieved for incr 7 in 6 iterations.
CG did not converge in 500 iterations. Final residual = 0.00070768
NR incr: 8, iter: 1
Modified residual norm: 379902
-----------------------------------
CG did not converge in 500 iterations. Final residual = 0.000667525
NR incr: 8, iter: 2
Modified residual norm: 53136.2
-----------------------------------
CG did not converge in 500 iterations. Final residual = 0.00016293
NR incr: 8, iter: 3
Modified residual norm: 2146.51
-----------------------------------
CG did not converge in 500 iterations. Final residual = 7.27677e-06
NR incr: 8, iter: 4
Modified residual norm: 4.39347
-----------------------------------
CG solve complete in 428 iterations
NR incr: 8, iter: 5
Modified residual norm: 2.55841e-05
-----------------------------------
CG solve complete in 46 iterations
NR incr: 8, iter: 6
Modified residual norm: 9.93799e-07
-----------------------------------
Convergence achieved for incr 8 in 6 iterations.
CG did not converge in 500 iterations. Final residual = 0.0007161
NR incr: 9, iter: 1
Modified residual norm: 380746
-----------------------------------
CG did not converge in 500 iterations. Final residual = 0.00067503
NR incr: 9, iter: 2
Modified residual norm: 53211.9
-----------------------------------
CG did not converge in 500 iterations. Final residual = 0.000163715
NR incr: 9, iter: 3
Modified residual norm: 2144.03
-----------------------------------
CG did not converge in 500 iterations. Final residual = 7.29252e-06
NR incr: 9, iter: 4
Modified residual norm: 4.36377
-----------------------------------
CG solve complete in 428 iterations
NR incr: 9, iter: 5
Modified residual norm: 2.51643e-05
-----------------------------------
CG solve complete in 46 iterations
NR incr: 9, iter: 6
Modified residual norm: 9.87272e-07
-----------------------------------
Convergence achieved for incr 9 in 6 iterations.
CG did not converge in 500 iterations. Final residual = 0.000723093
NR incr: 10, iter: 1
Modified residual norm: 381591
-----------------------------------
CG did not converge in 500 iterations. Final residual = 0.00068606
NR incr: 10, iter: 2
Modified residual norm: 53287.7
-----------------------------------
CG did not converge in 500 iterations. Final residual = 0.00016524
NR incr: 10, iter: 3
Modified residual norm: 2141.55
-----------------------------------
CG did not converge in 500 iterations. Final residual = 7.33487e-06
NR incr: 10, iter: 4
Modified residual norm: 4.33432
-----------------------------------
CG solve complete in 428 iterations
NR incr: 10, iter: 5
Modified residual norm: 2.47665e-05
-----------------------------------
CG solve complete in 46 iterations
NR incr: 10, iter: 6
Modified residual norm: 9.85941e-07
-----------------------------------
Convergence achieved for incr 10 in 6 iterations.
--------------------
Nonlinear solve completed.
Total time taken (in ms): 634624
