OpenMP active — threads: 34
Max threads: 34
CPUs available: 48
Starting the timer...
Mesh built: 386561 nodes, 368640 elements
--------------------
Boundary Conditions Summary:
Total DOFs: 1159683
Dirischlet DOFs: 9604
Unknown DOFs: 1150079
--------------------
Starting nonlinear solve...
--------------------
CG did not converge in 500 iterations. Final residual = 0.000668076
NR incr: 1, iter: 1
Modified residual norm: 374014
-----------------------------------
CG did not converge in 500 iterations. Final residual = 0.000622877
NR incr: 1, iter: 2
Modified residual norm: 52605.2
-----------------------------------
CG did not converge in 500 iterations. Final residual = 0.000154619
NR incr: 1, iter: 3
Modified residual norm: 2164.09
-----------------------------------
CG did not converge in 500 iterations. Final residual = 7.11303e-06
NR incr: 1, iter: 4
Modified residual norm: 4.6086
-----------------------------------
CG solve complete in 429 iterations
NR incr: 1, iter: 5
Modified residual norm: 2.86733e-05
-----------------------------------
CG solve complete in 47 iterations
NR incr: 1, iter: 6
Modified residual norm: 9.87686e-07
-----------------------------------
Convergence achieved for incr 1 in 6 iterations.
CG did not converge in 500 iterations. Final residual = 0.00067428
NR incr: 2, iter: 1
Modified residual norm: 374853
-----------------------------------
CG did not converge in 500 iterations. Final residual = 0.000628452
NR incr: 2, iter: 2
Modified residual norm: 52681.1
-----------------------------------
CG did not converge in 500 iterations. Final residual = 0.000154723
NR incr: 2, iter: 3
Modified residual norm: 2161.56
-----------------------------------
CG did not converge in 500 iterations. Final residual = 7.13315e-06
NR incr: 2, iter: 4
Modified residual norm: 4.57708
-----------------------------------
CG solve complete in 429 iterations
NR incr: 2, iter: 5
Modified residual norm: 2.82209e-05
-----------------------------------
CG solve complete in 47 iterations
NR incr: 2, iter: 6
Modified residual norm: 9.82844e-07
-----------------------------------
Convergence achieved for incr 2 in 6 iterations.
CG did not converge in 500 iterations. Final residual = 0.000676282
NR incr: 3, iter: 1
Modified residual norm: 375692
-----------------------------------
CG did not converge in 500 iterations. Final residual = 0.000630626
NR incr: 3, iter: 2
Modified residual norm: 52757
-----------------------------------
CG did not converge in 500 iterations. Final residual = 0.000156505
NR incr: 3, iter: 3
Modified residual norm: 2159.04
-----------------------------------
CG did not converge in 500 iterations. Final residual = 7.13811e-06
NR incr: 3, iter: 4
Modified residual norm: 4.54582
-----------------------------------
CG solve complete in 429 iterations
NR incr: 3, iter: 5
Modified residual norm: 2.77601e-05
-----------------------------------
CG solve complete in 47 iterations
NR incr: 3, iter: 6
Modified residual norm: 9.75238e-07
-----------------------------------
Convergence achieved for incr 3 in 6 iterations.
CG did not converge in 500 iterations. Final residual = 0.000682686
NR incr: 4, iter: 1
Modified residual norm: 376532
-----------------------------------
CG did not converge in 500 iterations. Final residual = 0.000635888
NR incr: 4, iter: 2
Modified residual norm: 52832.9
-----------------------------------
CG did not converge in 500 iterations. Final residual = 0.000157513
NR incr: 4, iter: 3
Modified residual norm: 2156.52
-----------------------------------
CG did not converge in 500 iterations. Final residual = 7.15303e-06
NR incr: 4, iter: 4
Modified residual norm: 4.51483
-----------------------------------
CG solve complete in 429 iterations
NR incr: 4, iter: 5
Modified residual norm: 2.73001e-05
-----------------------------------
CG solve complete in 47 iterations
NR incr: 4, iter: 6
Modified residual norm: 9.69639e-07
-----------------------------------
Convergence achieved for incr 4 in 6 iterations.
CG did not converge in 500 iterations. Final residual = 0.000688803
NR incr: 5, iter: 1
Modified residual norm: 377373
-----------------------------------
CG did not converge in 500 iterations. Final residual = 0.000642593
NR incr: 5, iter: 2
Modified residual norm: 52908.7
-----------------------------------
CG did not converge in 500 iterations. Final residual = 0.000159183
NR incr: 5, iter: 3
Modified residual norm: 2154.01
-----------------------------------
CG did not converge in 500 iterations. Final residual = 7.18978e-06
NR incr: 5, iter: 4
Modified residual norm: 4.4841
-----------------------------------
CG solve complete in 429 iterations
NR incr: 5, iter: 5
Modified residual norm: 2.68598e-05
-----------------------------------
CG solve complete in 47 iterations
NR incr: 5, iter: 6
Modified residual norm: 9.61137e-07
-----------------------------------
Convergence achieved for incr 5 in 6 iterations.
CG did not converge in 500 iterations. Final residual = 0.000697087
NR incr: 6, iter: 1
Modified residual norm: 378215
-----------------------------------
CG did not converge in 500 iterations. Final residual = 0.00064992
NR incr: 6, iter: 2
Modified residual norm: 52984.5
-----------------------------------
CG did not converge in 500 iterations. Final residual = 0.000160535
NR incr: 6, iter: 3
Modified residual norm: 2151.51
-----------------------------------
CG did not converge in 500 iterations. Final residual = 7.22315e-06
NR incr: 6, iter: 4
Modified residual norm: 4.45364
-----------------------------------
CG solve complete in 428 iterations
NR incr: 6, iter: 5
Modified residual norm: 2.64336e-05
-----------------------------------
CG solve complete in 47 iterations
NR incr: 6, iter: 6
Modified residual norm: 9.99786e-07
-----------------------------------
Convergence achieved for incr 6 in 6 iterations.
CG did not converge in 500 iterations. Final residual = 0.000699195
NR incr: 7, iter: 1
Modified residual norm: 379058
-----------------------------------
CG did not converge in 500 iterations. Final residual = 0.000659509
NR incr: 7, iter: 2
Modified residual norm: 53060.4
-----------------------------------
CG did not converge in 500 iterations. Final residual = 0.000161856
NR incr: 7, iter: 3
Modified residual norm: 2149.01
-----------------------------------
CG did not converge in 500 iterations. Final residual = 7.25561e-06
NR incr: 7, iter: 4
Modified residual norm: 4.42343
-----------------------------------
CG solve complete in 429 iterations
NR incr: 7, iter: 5
Modified residual norm: 2.60055e-05
-----------------------------------
CG solve complete in 47 iterations
NR incr: 7, iter: 6
Modified residual norm: 9.58085e-07
-----------------------------------
Convergence achieved for incr 7 in 6 iterations.
CG did not converge in 500 iterations. Final residual = 0.000707685
NR incr: 8, iter: 1
Modified residual norm: 379902
-----------------------------------
CG did not converge in 500 iterations. Final residual = 0.00067084
NR incr: 8, iter: 2
Modified residual norm: 53136.2
-----------------------------------
CG did not converge in 500 iterations. Final residual = 0.000162788
NR incr: 8, iter: 3
Modified residual norm: 2146.51
-----------------------------------
CG did not converge in 500 iterations. Final residual = 7.27252e-06
NR incr: 8, iter: 4
Modified residual norm: 4.39347
-----------------------------------
CG solve complete in 428 iterations
NR incr: 8, iter: 5
Modified residual norm: 2.55733e-05
-----------------------------------
CG solve complete in 46 iterations
NR incr: 8, iter: 6
Modified residual norm: 9.95333e-07
-----------------------------------
Convergence achieved for incr 8 in 6 iterations.
CG did not converge in 500 iterations. Final residual = 0.000715847
NR incr: 9, iter: 1
Modified residual norm: 380746
-----------------------------------
CG did not converge in 500 iterations. Final residual = 0.000678805
NR incr: 9, iter: 2
Modified residual norm: 53211.9
-----------------------------------
CG did not converge in 500 iterations. Final residual = 0.000163687
NR incr: 9, iter: 3
Modified residual norm: 2144.03
-----------------------------------
CG did not converge in 500 iterations. Final residual = 7.28683e-06
NR incr: 9, iter: 4
Modified residual norm: 4.36377
-----------------------------------
CG solve complete in 428 iterations
NR incr: 9, iter: 5
Modified residual norm: 2.51722e-05
-----------------------------------
CG solve complete in 46 iterations
NR incr: 9, iter: 6
Modified residual norm: 9.90813e-07
-----------------------------------
Convergence achieved for incr 9 in 6 iterations.
CG did not converge in 500 iterations. Final residual = 0.000723055
NR incr: 10, iter: 1
Modified residual norm: 381591
-----------------------------------
CG did not converge in 500 iterations. Final residual = 0.00068634
NR incr: 10, iter: 2
Modified residual norm: 53287.7
-----------------------------------
CG did not converge in 500 iterations. Final residual = 0.000165303
NR incr: 10, iter: 3
Modified residual norm: 2141.55
-----------------------------------
CG did not converge in 500 iterations. Final residual = 7.33589e-06
NR incr: 10, iter: 4
Modified residual norm: 4.33432
-----------------------------------
CG solve complete in 428 iterations
NR incr: 10, iter: 5
Modified residual norm: 2.47671e-05
-----------------------------------
CG solve complete in 46 iterations
NR incr: 10, iter: 6
Modified residual norm: 9.79844e-07
-----------------------------------
Convergence achieved for incr 10 in 6 iterations.
--------------------
Nonlinear solve completed.
Total time taken (in ms): 680065
